# JRE version: OpenJDK Runtime Environment Temurin-21.0.8+9 (21.0.8+9) (build 21.0.8+9-LTS)
# Java VM: OpenJDK 64-Bit Server VM Temurin-21.0.8+9 (21.0.8+9-LTS, mixed mode, sharing, tiered, compressed oops, compressed class ptrs, g1 gc, windows-amd64)
GC Precious Log:
 CardTable entry size: 512
 Card Set container configuration: InlinePtr #cards 5 size 8 Array Of Cards #cards 12 size 40 Howl #buckets 4 coarsen threshold 1843 Howl Bitmap #cards 512 size 80 coarsen threshold 460 Card regions per heap region 1 cards per card region 2048
 CPUs: 16 total, 16 available
 Memory: 16068M
 Large Page Support: Disabled
 NUMA Support: Disabled
 Compressed Oops: Enabled (32-bit)
 Heap Region Size: 1M
 Heap Min Capacity: 8M
 Heap Initial Capacity: 252M
 Heap Max Capacity: 512M
 Pre-touch: Disabled
 Parallel Workers: 13
 Concurrent Workers: 3
 Concurrent Refinement Workers: 13
 Periodic GC: Disabled
Heap:
 garbage-first heap   total 55296K, used 42461K [0x00000000e0000000, 0x0000000100000000)
  region size 1024K, 13 young (13312K), 2 survivors (2048K)
 Metaspace       used 74841K, committed 75456K, reserved 1114112K
  class space    used 10589K, committed 10816K, reserved 1048576K
GC Heap History (20 events):
Event: 3.095 GC heap before
{Heap before GC invocations=9 (full 0):
 garbage-first heap   total 55296K, used 42885K [0x00000000e0000000, 0x0000000100000000)
  region size 1024K, 23 young (23552K), 1 survivors (1024K)
 Metaspace       used 41613K, committed 42112K, reserved 1114112K
  class space    used 5464K, committed 5696K, reserved 1048576K
}
Event: 3.098 GC heap after
{Heap after GC invocations=10 (full 0):
 garbage-first heap   total 55296K, used 23085K [0x00000000e0000000, 0x0000000100000000)
  region size 1024K, 3 young (3072K), 3 survivors (3072K)
 Metaspace       used 41613K, committed 42112K, reserved 1114112K
  class space    used 5464K, committed 5696K, reserved 1048576K
}
Event: 3.453 GC heap before
{Heap before GC invocations=10 (full 0):
 garbage-first heap   total 55296K, used 43565K [0x00000000e0000000, 0x0000000100000000)
  region size 1024K, 24 young (24576K), 3 survivors (3072K)
 Metaspace       used 46302K, committed 46784K, reserved 1114112K
  class space    used 6242K, committed 6464K, reserved 1048576K
}
Event: 3.455 GC heap after
{Heap after GC invocations=11 (full 0):
 garbage-first heap   total 55296K, used 23777K [0x00000000e0000000, 0x0000000100000000)
  region size 1024K, 2 young (2048K), 2 survivors (2048K)
 Metaspace       used 46302K, committed 46784K, reserved 1114112K
  class space    used 6242K, committed 6464K, reserved 1048576K
}
Event: 3.745 GC heap before
{Heap before GC invocations=11 (full 0):
 garbage-first heap   total 55296K, used 45281K [0x00000000e0000000, 0x0000000100000000)
  region size 1024K, 24 young (24576K), 2 survivors (2048K)
 Metaspace       used 51341K, committed 51904K, reserved 1114112K
  class space    used 6934K, committed 7168K, reserved 1048576K
}
Event: 3.747 GC heap after
{Heap after GC invocations=12 (full 0):
 garbage-first heap   total 55296K, used 24916K [0x00000000e0000000, 0x0000000100000000)
  region size 1024K, 3 young (3072K), 3 survivors (3072K)
 Metaspace       used 51341K, committed 51904K, reserved 1114112K
  class space    used 6934K, committed 7168K, reserved 1048576K
}
Event: 4.006 GC heap before
{Heap before GC invocations=12 (full 0):
 garbage-first heap   total 55296K, used 45396K [0x00000000e0000000, 0x0000000100000000)
  region size 1024K, 24 young (24576K), 3 survivors (3072K)
 Metaspace       used 57602K, committed 58176K, reserved 1114112K
  class space    used 7821K, committed 8064K, reserved 1048576K
}
Event: 4.009 GC heap after
{Heap after GC invocations=13 (full 0):
 garbage-first heap   total 55296K, used 26101K [0x00000000e0000000, 0x0000000100000000)
  region size 1024K, 3 young (3072K), 3 survivors (3072K)
 Metaspace       used 57602K, committed 58176K, reserved 1114112K
  class space    used 7821K, committed 8064K, reserved 1048576K
}
Event: 4.133 GC heap before
{Heap before GC invocations=13 (full 0):
 garbage-first heap   total 55296K, used 35317K [0x00000000e0000000, 0x0000000100000000)
  region size 1024K, 13 young (13312K), 3 survivors (3072K)
 Metaspace       used 59750K, committed 60288K, reserved 1114112K
  class space    used 8197K, committed 8448K, reserved 1048576K
}
Event: 4.135 GC heap after
{Heap after GC invocations=14 (full 0):
 garbage-first heap   total 55296K, used 26288K [0x00000000e0000000, 0x0000000100000000)
  region size 1024K, 2 young (2048K), 2 survivors (2048K)
 Metaspace       used 59750K, committed 60288K, reserved 1114112K
  class space    used 8197K, committed 8448K, reserved 1048576K
}
Event: 4.394 GC heap before
{Heap before GC invocations=15 (full 0):
 garbage-first heap   total 55296K, used 47792K [0x00000000e0000000, 0x0000000100000000)
  region size 1024K, 23 young (23552K), 2 survivors (2048K)
 Metaspace       used 62932K, committed 63552K, reserved 1114112K
  class space    used 8694K, committed 8960K, reserved 1048576K
}
Event: 4.396 GC heap after
{Heap after GC invocations=16 (full 0):
 garbage-first heap   total 55296K, used 26992K [0x00000000e0000000, 0x0000000100000000)
  region size 1024K, 2 young (2048K), 2 survivors (2048K)
 Metaspace       used 62932K, committed 63552K, reserved 1114112K
  class space    used 8694K, committed 8960K, reserved 1048576K
}
Event: 4.894 GC heap before
{Heap before GC invocations=16 (full 0):
 garbage-first heap   total 55296K, used 48496K [0x00000000e0000000, 0x0000000100000000)
  region size 1024K, 23 young (23552K), 2 survivors (2048K)
 Metaspace       used 66415K, committed 67072K, reserved 1114112K
  class space    used 9180K, committed 9472K, reserved 1048576K
}
Event: 4.898 GC heap after
{Heap after GC invocations=17 (full 0):
 garbage-first heap   total 55296K, used 28565K [0x00000000e0000000, 0x0000000100000000)
  region size 1024K, 3 young (3072K), 3 survivors (3072K)
 Metaspace       used 66415K, committed 67072K, reserved 1114112K
  class space    used 9180K, committed 9472K, reserved 1048576K
}
Event: 5.346 GC heap before
{Heap before GC invocations=17 (full 0):
 garbage-first heap   total 55296K, used 48021K [0x00000000e0000000, 0x0000000100000000)
  region size 1024K, 22 young (22528K), 3 survivors (3072K)
 Metaspace       used 70614K, committed 71232K, reserved 1114112K
  class space    used 9851K, committed 10112K, reserved 1048576K
}
Event: 5.348 GC heap after
{Heap after GC invocations=18 (full 0):
 garbage-first heap   total 55296K, used 30471K [0x00000000e0000000, 0x0000000100000000)
  region size 1024K, 2 young (2048K), 2 survivors (2048K)
 Metaspace       used 70614K, committed 71232K, reserved 1114112K
  class space    used 9851K, committed 10112K, reserved 1048576K
}
Event: 5.510 GC heap before
{Heap before GC invocations=19 (full 0):
 garbage-first heap   total 55296K, used 47879K [0x00000000e0000000, 0x0000000100000000)
  region size 1024K, 20 young (20480K), 2 survivors (2048K)
 Metaspace       used 71014K, committed 71616K, reserved 1114112K
  class space    used 9905K, committed 10176K, reserved 1048576K
}
Event: 5.513 GC heap after
{Heap after GC invocations=20 (full 0):
 garbage-first heap   total 55296K, used 31064K [0x00000000e0000000, 0x0000000100000000)
  region size 1024K, 1 young (1024K), 1 survivors (1024K)
 Metaspace       used 71014K, committed 71616K, reserved 1114112K
  class space    used 9905K, committed 10176K, reserved 1048576K
}
Event: 5.815 GC heap before
{Heap before GC invocations=20 (full 0):
 garbage-first heap   total 55296K, used 48472K [0x00000000e0000000, 0x0000000100000000)
  region size 1024K, 19 young (19456K), 1 survivors (1024K)
 Metaspace       used 73891K, committed 74496K, reserved 1114112K
  class space    used 10449K, committed 10688K, reserved 1048576K
}
Event: 5.818 GC heap after
{Heap after GC invocations=21 (full 0):
 garbage-first heap   total 55296K, used 32221K [0x00000000e0000000, 0x0000000100000000)
  region size 1024K, 2 young (2048K), 2 survivors (2048K)
 Metaspace       used 73891K, committed 74496K, reserved 1114112K
  class space    used 10449K, committed 10688K, reserved 1048576K
}

